45696 - 2021-06-05 08:40:41,825 - db_perform - INFO - Start to run .\json\DRM_INT_test.json (1/100)
45696 - 2021-06-05 08:40:41,825 - db_utils - INFO - Open a connexion DRM_INT
45696 - 2021-06-05 08:40:42,189 - db_utils - INFO - Open a connexion DRM_DV1_CTL
45696 - 2021-06-05 08:40:42,491 - db_perform - INFO - Select cdpq.v_sous_jacents_fonds_placement_prive-max_base_file_date in 0.363706
45696 - 2021-06-05 08:40:42,491 - db_perform - INFO - Start to run .\json\DRM_INT_test.json (2/100)
45696 - 2021-06-05 08:40:42,548 - db_perform - INFO - Select cdpq.v_sous_jacents_fonds_placement_prive-max_base_file_date in 0.017687
45696 - 2021-06-05 08:40:42,557 - db_perform - INFO - Start to run .\json\DRM_INT_test.json (3/100)
45696 - 2021-06-05 08:40:42,618 - db_perform - INFO - Select cdpq.v_sous_jacents_fonds_placement_prive-max_base_file_date in 0.010972
45696 - 2021-06-05 08:40:42,618 - db_perform - INFO - Start to run .\json\DRM_INT_test.json (4/100)
45696 - 2021-06-05 08:40:42,680 - db_perform - INFO - Select cdpq.v_sous_jacents_fonds_placement_prive-max_base_file_date in 0.021281
45696 - 2021-06-05 08:40:42,681 - db_perform - INFO - Start to run .\json\DRM_INT_test.json (5/100)
45696 - 2021-06-05 08:40:42,747 - db_perform - INFO - Select cdpq.v_sous_jacents_fonds_placement_prive-max_base_file_date in 0.023407
45696 - 2021-06-05 08:40:42,748 - db_perform - INFO - Start to run .\json\DRM_INT_test.json (6/100)
45696 - 2021-06-05 08:40:42,808 - db_perform - INFO - Select cdpq.v_sous_jacents_fonds_placement_prive-max_base_file_date in 0.012840
45696 - 2021-06-05 08:40:42,809 - db_perform - INFO - Start to run .\json\DRM_INT_test.json (7/100)
45696 - 2021-06-05 08:40:42,866 - db_perform - INFO - Select cdpq.v_sous_jacents_fonds_placement_prive-max_base_file_date in 0.017466
45696 - 2021-06-05 08:40:42,866 - db_perform - INFO - Start to run .\json\DRM_INT_test.json (8/100)
45696 - 2021-06-05 08:40:42,918 - db_perform - INFO - Select cdpq.v_sous_jacents_fonds_placement_prive-max_base_file_date in 0.018955
45696 - 2021-06-05 08:40:42,918 - db_perform - INFO - Start to run .\json\DRM_INT_test.json (9/100)
45696 - 2021-06-05 08:40:42,976 - db_perform - INFO - Select cdpq.v_sous_jacents_fonds_placement_prive-max_base_file_date in 0.014822
45696 - 2021-06-05 08:40:42,976 - db_perform - INFO - Start to run .\json\DRM_INT_test.json (10/100)
45696 - 2021-06-05 08:40:43,046 - db_perform - INFO - Select cdpq.v_sous_jacents_fonds_placement_prive-max_base_file_date in 0.021942
45696 - 2021-06-05 08:40:43,046 - db_perform - INFO - Start to run .\json\DRM_INT_test.json (11/100)
45696 - 2021-06-05 08:40:43,105 - db_perform - INFO - Select cdpq.v_sous_jacents_fonds_placement_prive-max_base_file_date in 0.009359
45696 - 2021-06-05 08:40:43,106 - db_perform - INFO - Start to run .\json\DRM_INT_test.json (12/100)
45696 - 2021-06-05 08:40:43,177 - db_perform - INFO - Select cdpq.v_sous_jacents_fonds_placement_prive-max_base_file_date in 0.020961
45696 - 2021-06-05 08:40:43,178 - db_perform - INFO - Start to run .\json\DRM_INT_test.json (13/100)
45696 - 2021-06-05 08:40:43,238 - db_perform - INFO - Select cdpq.v_sous_jacents_fonds_placement_prive-max_base_file_date in 0.010598
45696 - 2021-06-05 08:40:43,239 - db_perform - INFO - Start to run .\json\DRM_INT_test.json (14/100)
45696 - 2021-06-05 08:40:43,301 - db_perform - INFO - Select cdpq.v_sous_jacents_fonds_placement_prive-max_base_file_date in 0.017118
45696 - 2021-06-05 08:40:43,302 - db_perform - INFO - Start to run .\json\DRM_INT_test.json (15/100)
45696 - 2021-06-05 08:40:43,352 - db_perform - INFO - Select cdpq.v_sous_jacents_fonds_placement_prive-max_base_file_date in 0.010976
45696 - 2021-06-05 08:40:43,353 - db_perform - INFO - Start to run .\json\DRM_INT_test.json (16/100)
45696 - 2021-06-05 08:40:43,408 - db_perform - INFO - Select cdpq.v_sous_jacents_fonds_placement_prive-max_base_file_date in 0.011260
45696 - 2021-06-05 08:40:43,409 - db_perform - INFO - Start to run .\json\DRM_INT_test.json (17/100)
45696 - 2021-06-05 08:40:43,475 - db_perform - INFO - Select cdpq.v_sous_jacents_fonds_placement_prive-max_base_file_date in 0.027270
45696 - 2021-06-05 08:40:43,476 - db_perform - INFO - Start to run .\json\DRM_INT_test.json (18/100)
45696 - 2021-06-05 08:40:43,539 - db_perform - INFO - Select cdpq.v_sous_jacents_fonds_placement_prive-max_base_file_date in 0.014498
45696 - 2021-06-05 08:40:43,540 - db_perform - INFO - Start to run .\json\DRM_INT_test.json (19/100)
45696 - 2021-06-05 08:40:43,590 - db_perform - INFO - Select cdpq.v_sous_jacents_fonds_placement_prive-max_base_file_date in 0.016995
45696 - 2021-06-05 08:40:43,591 - db_perform - INFO - Start to run .\json\DRM_INT_test.json (20/100)
45696 - 2021-06-05 08:40:43,639 - db_perform - INFO - Select cdpq.v_sous_jacents_fonds_placement_prive-max_base_file_date in 0.010007
45696 - 2021-06-05 08:40:43,640 - db_perform - INFO - Start to run .\json\DRM_INT_test.json (21/100)
45696 - 2021-06-05 08:40:43,689 - db_perform - INFO - Select cdpq.v_sous_jacents_fonds_placement_prive-max_base_file_date in 0.014325
45696 - 2021-06-05 08:40:43,689 - db_perform - INFO - Start to run .\json\DRM_INT_test.json (22/100)
45696 - 2021-06-05 08:40:43,752 - db_perform - INFO - Select cdpq.v_sous_jacents_fonds_placement_prive-max_base_file_date in 0.016181
45696 - 2021-06-05 08:40:43,753 - db_perform - INFO - Start to run .\json\DRM_INT_test.json (23/100)
45696 - 2021-06-05 08:40:43,825 - db_perform - INFO - Select cdpq.v_sous_jacents_fonds_placement_prive-max_base_file_date in 0.011950
45696 - 2021-06-05 08:40:43,826 - db_perform - INFO - Start to run .\json\DRM_INT_test.json (24/100)
45696 - 2021-06-05 08:40:43,886 - db_perform - INFO - Select cdpq.v_sous_jacents_fonds_placement_prive-max_base_file_date in 0.011256
45696 - 2021-06-05 08:40:43,886 - db_perform - INFO - Start to run .\json\DRM_INT_test.json (25/100)
45696 - 2021-06-05 08:40:43,954 - db_perform - INFO - Select cdpq.v_sous_jacents_fonds_placement_prive-max_base_file_date in 0.010718
45696 - 2021-06-05 08:40:43,955 - db_perform - INFO - Start to run .\json\DRM_INT_test.json (26/100)
45696 - 2021-06-05 08:40:44,016 - db_perform - INFO - Select cdpq.v_sous_jacents_fonds_placement_prive-max_base_file_date in 0.019068
45696 - 2021-06-05 08:40:44,016 - db_perform - INFO - Start to run .\json\DRM_INT_test.json (27/100)
45696 - 2021-06-05 08:40:44,084 - db_perform - INFO - Select cdpq.v_sous_jacents_fonds_placement_prive-max_base_file_date in 0.023824
45696 - 2021-06-05 08:40:44,084 - db_perform - INFO - Start to run .\json\DRM_INT_test.json (28/100)
45696 - 2021-06-05 08:40:44,127 - db_perform - INFO - Select cdpq.v_sous_jacents_fonds_placement_prive-max_base_file_date in 0.008233
45696 - 2021-06-05 08:40:44,128 - db_perform - INFO - Start to run .\json\DRM_INT_test.json (29/100)
45696 - 2021-06-05 08:40:44,186 - db_perform - INFO - Select cdpq.v_sous_jacents_fonds_placement_prive-max_base_file_date in 0.010057
45696 - 2021-06-05 08:40:44,187 - db_perform - INFO - Start to run .\json\DRM_INT_test.json (30/100)
45696 - 2021-06-05 08:40:44,238 - db_perform - INFO - Select cdpq.v_sous_jacents_fonds_placement_prive-max_base_file_date in 0.010365
45696 - 2021-06-05 08:40:44,238 - db_perform - INFO - Start to run .\json\DRM_INT_test.json (31/100)
45696 - 2021-06-05 08:40:44,298 - db_perform - INFO - Select cdpq.v_sous_jacents_fonds_placement_prive-max_base_file_date in 0.012877
45696 - 2021-06-05 08:40:44,299 - db_perform - INFO - Start to run .\json\DRM_INT_test.json (32/100)
45696 - 2021-06-05 08:40:44,364 - db_perform - INFO - Select cdpq.v_sous_jacents_fonds_placement_prive-max_base_file_date in 0.011928
45696 - 2021-06-05 08:40:44,365 - db_perform - INFO - Start to run .\json\DRM_INT_test.json (33/100)
45696 - 2021-06-05 08:40:44,470 - db_perform - INFO - Select cdpq.v_sous_jacents_fonds_placement_prive-max_base_file_date in 0.031152
45696 - 2021-06-05 08:40:44,471 - db_perform - INFO - Start to run .\json\DRM_INT_test.json (34/100)
45696 - 2021-06-05 08:40:44,534 - db_perform - INFO - Select cdpq.v_sous_jacents_fonds_placement_prive-max_base_file_date in 0.011005
45696 - 2021-06-05 08:40:44,535 - db_perform - INFO - Start to run .\json\DRM_INT_test.json (35/100)
45696 - 2021-06-05 08:40:44,590 - db_perform - INFO - Select cdpq.v_sous_jacents_fonds_placement_prive-max_base_file_date in 0.015028
45696 - 2021-06-05 08:40:44,590 - db_perform - INFO - Start to run .\json\DRM_INT_test.json (36/100)
45696 - 2021-06-05 08:40:44,647 - db_perform - INFO - Select cdpq.v_sous_jacents_fonds_placement_prive-max_base_file_date in 0.010020
45696 - 2021-06-05 08:40:44,648 - db_perform - INFO - Start to run .\json\DRM_INT_test.json (37/100)
45696 - 2021-06-05 08:40:44,707 - db_perform - INFO - Select cdpq.v_sous_jacents_fonds_placement_prive-max_base_file_date in 0.016605
45696 - 2021-06-05 08:40:44,708 - db_perform - INFO - Start to run .\json\DRM_INT_test.json (38/100)
45696 - 2021-06-05 08:40:44,780 - db_perform - INFO - Select cdpq.v_sous_jacents_fonds_placement_prive-max_base_file_date in 0.010701
45696 - 2021-06-05 08:40:44,781 - db_perform - INFO - Start to run .\json\DRM_INT_test.json (39/100)
45696 - 2021-06-05 08:40:44,831 - db_perform - INFO - Select cdpq.v_sous_jacents_fonds_placement_prive-max_base_file_date in 0.016394
45696 - 2021-06-05 08:40:44,831 - db_perform - INFO - Start to run .\json\DRM_INT_test.json (40/100)
45696 - 2021-06-05 08:40:44,893 - db_perform - INFO - Select cdpq.v_sous_jacents_fonds_placement_prive-max_base_file_date in 0.012265
45696 - 2021-06-05 08:40:44,893 - db_perform - INFO - Start to run .\json\DRM_INT_test.json (41/100)
45696 - 2021-06-05 08:40:44,953 - db_perform - INFO - Select cdpq.v_sous_jacents_fonds_placement_prive-max_base_file_date in 0.011631
45696 - 2021-06-05 08:40:44,954 - db_perform - INFO - Start to run .\json\DRM_INT_test.json (42/100)
45696 - 2021-06-05 08:40:45,003 - db_perform - INFO - Select cdpq.v_sous_jacents_fonds_placement_prive-max_base_file_date in 0.009966
45696 - 2021-06-05 08:40:45,004 - db_perform - INFO - Start to run .\json\DRM_INT_test.json (43/100)
45696 - 2021-06-05 08:40:45,048 - db_perform - INFO - Select cdpq.v_sous_jacents_fonds_placement_prive-max_base_file_date in 0.009203
45696 - 2021-06-05 08:40:45,048 - db_perform - INFO - Start to run .\json\DRM_INT_test.json (44/100)
45696 - 2021-06-05 08:40:45,095 - db_perform - INFO - Select cdpq.v_sous_jacents_fonds_placement_prive-max_base_file_date in 0.012855
45696 - 2021-06-05 08:40:45,095 - db_perform - INFO - Start to run .\json\DRM_INT_test.json (45/100)
45696 - 2021-06-05 08:40:45,145 - db_perform - INFO - Select cdpq.v_sous_jacents_fonds_placement_prive-max_base_file_date in 0.012621
45696 - 2021-06-05 08:40:45,146 - db_perform - INFO - Start to run .\json\DRM_INT_test.json (46/100)
45696 - 2021-06-05 08:40:45,224 - db_perform - INFO - Select cdpq.v_sous_jacents_fonds_placement_prive-max_base_file_date in 0.010988
45696 - 2021-06-05 08:40:45,225 - db_perform - INFO - Start to run .\json\DRM_INT_test.json (47/100)
45696 - 2021-06-05 08:40:45,284 - db_perform - INFO - Select cdpq.v_sous_jacents_fonds_placement_prive-max_base_file_date in 0.015675
45696 - 2021-06-05 08:40:45,284 - db_perform - INFO - Start to run .\json\DRM_INT_test.json (48/100)
45696 - 2021-06-05 08:40:45,499 - db_perform - INFO - Select cdpq.v_sous_jacents_fonds_placement_prive-max_base_file_date in 0.034938
45696 - 2021-06-05 08:40:45,500 - db_perform - INFO - Start to run .\json\DRM_INT_test.json (49/100)
45696 - 2021-06-05 08:40:45,600 - db_perform - INFO - Select cdpq.v_sous_jacents_fonds_placement_prive-max_base_file_date in 0.037735
45696 - 2021-06-05 08:40:45,603 - db_perform - INFO - Start to run .\json\DRM_INT_test.json (50/100)
45696 - 2021-06-05 08:40:45,656 - db_perform - INFO - Select cdpq.v_sous_jacents_fonds_placement_prive-max_base_file_date in 0.012175
45696 - 2021-06-05 08:40:45,657 - db_perform - INFO - Start to run .\json\DRM_INT_test.json (51/100)
45696 - 2021-06-05 08:40:45,725 - db_perform - INFO - Select cdpq.v_sous_jacents_fonds_placement_prive-max_base_file_date in 0.012085
45696 - 2021-06-05 08:40:45,726 - db_perform - INFO - Start to run .\json\DRM_INT_test.json (52/100)
45696 - 2021-06-05 08:40:45,766 - db_perform - INFO - Select cdpq.v_sous_jacents_fonds_placement_prive-max_base_file_date in 0.008393
45696 - 2021-06-05 08:40:45,767 - db_perform - INFO - Start to run .\json\DRM_INT_test.json (53/100)
45696 - 2021-06-05 08:40:45,819 - db_perform - INFO - Select cdpq.v_sous_jacents_fonds_placement_prive-max_base_file_date in 0.014149
45696 - 2021-06-05 08:40:45,820 - db_perform - INFO - Start to run .\json\DRM_INT_test.json (54/100)
45696 - 2021-06-05 08:40:45,887 - db_perform - INFO - Select cdpq.v_sous_jacents_fonds_placement_prive-max_base_file_date in 0.012414
45696 - 2021-06-05 08:40:45,888 - db_perform - INFO - Start to run .\json\DRM_INT_test.json (55/100)
45696 - 2021-06-05 08:40:45,951 - db_perform - INFO - Select cdpq.v_sous_jacents_fonds_placement_prive-max_base_file_date in 0.009991
45696 - 2021-06-05 08:40:45,952 - db_perform - INFO - Start to run .\json\DRM_INT_test.json (56/100)
45696 - 2021-06-05 08:40:46,018 - db_perform - INFO - Select cdpq.v_sous_jacents_fonds_placement_prive-max_base_file_date in 0.010518
45696 - 2021-06-05 08:40:46,019 - db_perform - INFO - Start to run .\json\DRM_INT_test.json (57/100)
45696 - 2021-06-05 08:40:46,072 - db_perform - INFO - Select cdpq.v_sous_jacents_fonds_placement_prive-max_base_file_date in 0.014201
45696 - 2021-06-05 08:40:46,073 - db_perform - INFO - Start to run .\json\DRM_INT_test.json (58/100)
45696 - 2021-06-05 08:40:46,126 - db_perform - INFO - Select cdpq.v_sous_jacents_fonds_placement_prive-max_base_file_date in 0.010175
45696 - 2021-06-05 08:40:46,127 - db_perform - INFO - Start to run .\json\DRM_INT_test.json (59/100)
45696 - 2021-06-05 08:40:46,179 - db_perform - INFO - Select cdpq.v_sous_jacents_fonds_placement_prive-max_base_file_date in 0.019039
45696 - 2021-06-05 08:40:46,180 - db_perform - INFO - Start to run .\json\DRM_INT_test.json (60/100)
45696 - 2021-06-05 08:40:46,232 - db_perform - INFO - Select cdpq.v_sous_jacents_fonds_placement_prive-max_base_file_date in 0.010952
45696 - 2021-06-05 08:40:46,233 - db_perform - INFO - Start to run .\json\DRM_INT_test.json (61/100)
45696 - 2021-06-05 08:40:46,284 - db_perform - INFO - Select cdpq.v_sous_jacents_fonds_placement_prive-max_base_file_date in 0.009971
45696 - 2021-06-05 08:40:46,285 - db_perform - INFO - Start to run .\json\DRM_INT_test.json (62/100)
45696 - 2021-06-05 08:40:46,331 - db_perform - INFO - Select cdpq.v_sous_jacents_fonds_placement_prive-max_base_file_date in 0.008975
45696 - 2021-06-05 08:40:46,332 - db_perform - INFO - Start to run .\json\DRM_INT_test.json (63/100)
45696 - 2021-06-05 08:40:46,377 - db_perform - INFO - Select cdpq.v_sous_jacents_fonds_placement_prive-max_base_file_date in 0.009071
45696 - 2021-06-05 08:40:46,378 - db_perform - INFO - Start to run .\json\DRM_INT_test.json (64/100)
45696 - 2021-06-05 08:40:46,434 - db_perform - INFO - Select cdpq.v_sous_jacents_fonds_placement_prive-max_base_file_date in 0.009978
45696 - 2021-06-05 08:40:46,435 - db_perform - INFO - Start to run .\json\DRM_INT_test.json (65/100)
45696 - 2021-06-05 08:40:46,483 - db_perform - INFO - Select cdpq.v_sous_jacents_fonds_placement_prive-max_base_file_date in 0.015040
45696 - 2021-06-05 08:40:46,483 - db_perform - INFO - Start to run .\json\DRM_INT_test.json (66/100)
45696 - 2021-06-05 08:40:46,528 - db_perform - INFO - Select cdpq.v_sous_jacents_fonds_placement_prive-max_base_file_date in 0.010388
45696 - 2021-06-05 08:40:46,529 - db_perform - INFO - Start to run .\json\DRM_INT_test.json (67/100)
45696 - 2021-06-05 08:40:46,583 - db_perform - INFO - Select cdpq.v_sous_jacents_fonds_placement_prive-max_base_file_date in 0.016381
45696 - 2021-06-05 08:40:46,583 - db_perform - INFO - Start to run .\json\DRM_INT_test.json (68/100)
45696 - 2021-06-05 08:40:46,630 - db_perform - INFO - Select cdpq.v_sous_jacents_fonds_placement_prive-max_base_file_date in 0.015969
45696 - 2021-06-05 08:40:46,630 - db_perform - INFO - Start to run .\json\DRM_INT_test.json (69/100)
45696 - 2021-06-05 08:40:46,689 - db_perform - INFO - Select cdpq.v_sous_jacents_fonds_placement_prive-max_base_file_date in 0.018128
45696 - 2021-06-05 08:40:46,690 - db_perform - INFO - Start to run .\json\DRM_INT_test.json (70/100)
45696 - 2021-06-05 08:40:46,751 - db_perform - INFO - Select cdpq.v_sous_jacents_fonds_placement_prive-max_base_file_date in 0.023333
45696 - 2021-06-05 08:40:46,752 - db_perform - INFO - Start to run .\json\DRM_INT_test.json (71/100)
45696 - 2021-06-05 08:40:46,807 - db_perform - INFO - Select cdpq.v_sous_jacents_fonds_placement_prive-max_base_file_date in 0.008975
45696 - 2021-06-05 08:40:46,808 - db_perform - INFO - Start to run .\json\DRM_INT_test.json (72/100)
45696 - 2021-06-05 08:40:46,875 - db_perform - INFO - Select cdpq.v_sous_jacents_fonds_placement_prive-max_base_file_date in 0.017031
45696 - 2021-06-05 08:40:46,876 - db_perform - INFO - Start to run .\json\DRM_INT_test.json (73/100)
45696 - 2021-06-05 08:40:46,943 - db_perform - INFO - Select cdpq.v_sous_jacents_fonds_placement_prive-max_base_file_date in 0.010937
45696 - 2021-06-05 08:40:46,944 - db_perform - INFO - Start to run .\json\DRM_INT_test.json (74/100)
45696 - 2021-06-05 08:40:46,999 - db_perform - INFO - Select cdpq.v_sous_jacents_fonds_placement_prive-max_base_file_date in 0.009966
45696 - 2021-06-05 08:40:47,000 - db_perform - INFO - Start to run .\json\DRM_INT_test.json (75/100)
45696 - 2021-06-05 08:40:47,044 - db_perform - INFO - Select cdpq.v_sous_jacents_fonds_placement_prive-max_base_file_date in 0.008967
45696 - 2021-06-05 08:40:47,045 - db_perform - INFO - Start to run .\json\DRM_INT_test.json (76/100)
45696 - 2021-06-05 08:40:47,094 - db_perform - INFO - Select cdpq.v_sous_jacents_fonds_placement_prive-max_base_file_date in 0.014761
45696 - 2021-06-05 08:40:47,095 - db_perform - INFO - Start to run .\json\DRM_INT_test.json (77/100)
45696 - 2021-06-05 08:40:47,152 - db_perform - INFO - Select cdpq.v_sous_jacents_fonds_placement_prive-max_base_file_date in 0.010060
45696 - 2021-06-05 08:40:47,153 - db_perform - INFO - Start to run .\json\DRM_INT_test.json (78/100)
45696 - 2021-06-05 08:40:47,224 - db_perform - INFO - Select cdpq.v_sous_jacents_fonds_placement_prive-max_base_file_date in 0.017377
45696 - 2021-06-05 08:40:47,225 - db_perform - INFO - Start to run .\json\DRM_INT_test.json (79/100)
45696 - 2021-06-05 08:40:47,290 - db_perform - INFO - Select cdpq.v_sous_jacents_fonds_placement_prive-max_base_file_date in 0.018124
45696 - 2021-06-05 08:40:47,291 - db_perform - INFO - Start to run .\json\DRM_INT_test.json (80/100)
45696 - 2021-06-05 08:40:47,363 - db_perform - INFO - Select cdpq.v_sous_jacents_fonds_placement_prive-max_base_file_date in 0.009015
45696 - 2021-06-05 08:40:47,364 - db_perform - INFO - Start to run .\json\DRM_INT_test.json (81/100)
45696 - 2021-06-05 08:40:47,426 - db_perform - INFO - Select cdpq.v_sous_jacents_fonds_placement_prive-max_base_file_date in 0.020284
45696 - 2021-06-05 08:40:47,427 - db_perform - INFO - Start to run .\json\DRM_INT_test.json (82/100)
45696 - 2021-06-05 08:40:47,496 - db_perform - INFO - Select cdpq.v_sous_jacents_fonds_placement_prive-max_base_file_date in 0.015047
45696 - 2021-06-05 08:40:47,497 - db_perform - INFO - Start to run .\json\DRM_INT_test.json (83/100)
45696 - 2021-06-05 08:40:47,556 - db_perform - INFO - Select cdpq.v_sous_jacents_fonds_placement_prive-max_base_file_date in 0.024929
45696 - 2021-06-05 08:40:47,557 - db_perform - INFO - Start to run .\json\DRM_INT_test.json (84/100)
45696 - 2021-06-05 08:40:47,628 - db_perform - INFO - Select cdpq.v_sous_jacents_fonds_placement_prive-max_base_file_date in 0.014537
45696 - 2021-06-05 08:40:47,628 - db_perform - INFO - Start to run .\json\DRM_INT_test.json (85/100)
45696 - 2021-06-05 08:40:47,702 - db_perform - INFO - Select cdpq.v_sous_jacents_fonds_placement_prive-max_base_file_date in 0.009574
45696 - 2021-06-05 08:40:47,703 - db_perform - INFO - Start to run .\json\DRM_INT_test.json (86/100)
45696 - 2021-06-05 08:40:47,770 - db_perform - INFO - Select cdpq.v_sous_jacents_fonds_placement_prive-max_base_file_date in 0.014910
45696 - 2021-06-05 08:40:47,770 - db_perform - INFO - Start to run .\json\DRM_INT_test.json (87/100)
45696 - 2021-06-05 08:40:47,831 - db_perform - INFO - Select cdpq.v_sous_jacents_fonds_placement_prive-max_base_file_date in 0.021047
45696 - 2021-06-05 08:40:47,832 - db_perform - INFO - Start to run .\json\DRM_INT_test.json (88/100)
45696 - 2021-06-05 08:40:47,879 - db_perform - INFO - Select cdpq.v_sous_jacents_fonds_placement_prive-max_base_file_date in 0.011965
45696 - 2021-06-05 08:40:47,879 - db_perform - INFO - Start to run .\json\DRM_INT_test.json (89/100)
45696 - 2021-06-05 08:40:47,935 - db_perform - INFO - Select cdpq.v_sous_jacents_fonds_placement_prive-max_base_file_date in 0.013269
45696 - 2021-06-05 08:40:47,935 - db_perform - INFO - Start to run .\json\DRM_INT_test.json (90/100)
45696 - 2021-06-05 08:40:47,978 - db_perform - INFO - Select cdpq.v_sous_jacents_fonds_placement_prive-max_base_file_date in 0.018593
45696 - 2021-06-05 08:40:47,979 - db_perform - INFO - Start to run .\json\DRM_INT_test.json (91/100)
45696 - 2021-06-05 08:40:48,047 - db_perform - INFO - Select cdpq.v_sous_jacents_fonds_placement_prive-max_base_file_date in 0.018939
45696 - 2021-06-05 08:40:48,048 - db_perform - INFO - Start to run .\json\DRM_INT_test.json (92/100)
45696 - 2021-06-05 08:40:48,109 - db_perform - INFO - Select cdpq.v_sous_jacents_fonds_placement_prive-max_base_file_date in 0.013423
45696 - 2021-06-05 08:40:48,110 - db_perform - INFO - Start to run .\json\DRM_INT_test.json (93/100)
45696 - 2021-06-05 08:40:48,171 - db_perform - INFO - Select cdpq.v_sous_jacents_fonds_placement_prive-max_base_file_date in 0.021987
45696 - 2021-06-05 08:40:48,172 - db_perform - INFO - Start to run .\json\DRM_INT_test.json (94/100)
45696 - 2021-06-05 08:40:48,228 - db_perform - INFO - Select cdpq.v_sous_jacents_fonds_placement_prive-max_base_file_date in 0.010123
45696 - 2021-06-05 08:40:48,229 - db_perform - INFO - Start to run .\json\DRM_INT_test.json (95/100)
45696 - 2021-06-05 08:40:48,288 - db_perform - INFO - Select cdpq.v_sous_jacents_fonds_placement_prive-max_base_file_date in 0.010964
45696 - 2021-06-05 08:40:48,289 - db_perform - INFO - Start to run .\json\DRM_INT_test.json (96/100)
45696 - 2021-06-05 08:40:48,344 - db_perform - INFO - Select cdpq.v_sous_jacents_fonds_placement_prive-max_base_file_date in 0.015502
45696 - 2021-06-05 08:40:48,345 - db_perform - INFO - Start to run .\json\DRM_INT_test.json (97/100)
45696 - 2021-06-05 08:40:48,399 - db_perform - INFO - Select cdpq.v_sous_jacents_fonds_placement_prive-max_base_file_date in 0.008627
45696 - 2021-06-05 08:40:48,400 - db_perform - INFO - Start to run .\json\DRM_INT_test.json (98/100)
45696 - 2021-06-05 08:40:48,478 - db_perform - INFO - Select cdpq.v_sous_jacents_fonds_placement_prive-max_base_file_date in 0.018545
45696 - 2021-06-05 08:40:48,478 - db_perform - INFO - Start to run .\json\DRM_INT_test.json (99/100)
45696 - 2021-06-05 08:40:48,540 - db_perform - INFO - Select cdpq.v_sous_jacents_fonds_placement_prive-max_base_file_date in 0.009959
45696 - 2021-06-05 08:40:48,541 - db_perform - INFO - Start to run .\json\DRM_INT_test.json (100/100)
45696 - 2021-06-05 08:40:48,604 - db_perform - INFO - Select cdpq.v_sous_jacents_fonds_placement_prive-max_base_file_date in 0.014894
45696 - 2021-06-05 08:40:48,605 - db_utils - INFO - Close connexion DRM_INT
45696 - 2021-06-05 08:40:48,645 - db_utils - INFO - Close connexion DRM_DV1_CTL
